RR 20 15
 0	Proc1	15	S
 15	Proc1	15	S
 30	Proc1	15	S
 45	Proc1	5	B
 50	<idle>	5	I
 55	Proc2	5	B
 60	<idle>	10	I
 70	Proc1	15	S
 85	Proc3	10	B
 95	Proc5	1	B
 96	Proc4	15	B
 111	Proc2	5	B
 116	Proc6	15	S
 131	Proc7	2	B
 133	Proc8	15	S
 148	Proc3	10	B
 158	Proc5	1	B
 159	Proc4	15	B
 174	Proc2	5	B
 179	Proc7	2	B
 181	Proc3	10	B
 191	Proc5	1	B
 192	Proc1	15	S
 207	Proc6	15	S
 222	Proc8	15	S
 237	Proc4	15	B
 252	Proc2	5	B
 257	Proc7	2	B
 259	Proc3	10	B
 269	Proc5	1	B
 270	Proc1	15	S
 285	Proc6	15	S
 300	Proc8	5	B
 305	Proc4	15	B
 320	Proc2	5	B
 325	Proc7	2	B
 327	Proc3	10	B
 337	Proc5	1	B
 338	Proc9	15	S
 353	Proc8	15	S
 368	Proc4	15	B
 383	Proc2	5	B
 388	Proc7	2	B
 390	Proc3	10	B
 400	Proc5	1	B
 401	Proc1	5	B
 406	Proc6	15	S
 421	Proc9	7	B
 428	Proc8	15	S
 443	Proc4	15	B
 458	Proc2	5	B
 463	Proc7	2	B
 465	Proc3	10	B
 475	Proc5	1	B
 476	Proc1	15	S
 491	Proc9	15	S
 506	Proc4	15	B
 521	Proc2	5	B
 526	Proc7	2	B
 528	Proc3	10	B
 538	Proc5	1	B
 539	Proc6	10	B
 549	Proc8	5	B
 554	Proc1	15	S
 569	Proc9	7	B
 576	Proc4	15	B
 591	Proc2	5	B
 596	Proc7	2	B
 598	Proc3	10	B
 608	Proc5	1	B
 609	Proc6	15	S
 624	Proc8	15	S
 639	Proc9	15	S
 654	Proc10	15	S
 669	Proc4	15	B
 684	Proc2	5	B
 689	Proc7	2	B
 691	Proc3	10	T
 701	Proc5	1	B
 702	Proc1	15	S
 717	Proc6	15	S
 732	Proc8	15	S
 747	Proc9	7	B
 754	Proc10	12	B
 766	Proc4	15	B
 781	Proc2	5	B
 786	Proc7	2	T
 788	Proc5	1	B
 789	Proc9	15	S
 804	Proc10	15	S
 819	Proc4	15	B
 834	Proc2	5	B
 839	Proc5	1	B
 840	Proc1	5	B
 845	Proc6	15	S
 860	Proc8	5	B
 865	Proc9	7	B
 872	Proc10	12	B
 884	Proc4	15	B
 899	Proc2	5	B
 904	Proc5	1	B
 905	Proc1	15	S
 920	Proc8	15	S
 935	Proc9	15	S
 950	Proc10	15	S
 965	Proc4	15	B
 980	Proc2	5	B
 985	Proc5	1	B
 986	Proc6	15	S
 1001	Proc1	15	S
 1016	Proc8	15	S
 1031	Proc9	7	B
 1038	Proc10	12	B
 1050	Proc4	5	T
 1055	Proc2	5	B
 1060	Proc5	1	B
 1061	Proc9	15	S
 1076	Proc10	15	S
 1091	Proc2	5	B
 1096	Proc5	1	B
 1097	Proc6	10	B
 1107	Proc1	15	S
 1122	Proc8	5	B
 1127	Proc9	7	B
 1134	Proc10	12	B
 1146	Proc2	5	B
 1151	Proc5	1	B
 1152	Proc6	15	S
 1167	Proc8	10	T
 1177	Proc9	15	S
 1192	Proc10	15	S
 1207	Proc2	5	B
 1212	Proc5	1	B
 1213	Proc1	5	B
 1218	Proc6	15	S
 1233	Proc9	7	B
 1240	Proc10	12	B
 1252	Proc2	5	B
 1257	Proc5	1	B
 1258	Proc1	15	S
 1273	Proc9	15	S
 1288	Proc10	15	S
 1303	Proc2	5	T
 1308	Proc5	1	B
 1309	Proc6	15	S
 1324	Proc1	15	S
 1339	Proc9	7	B
 1346	Proc10	12	B
 1358	Proc5	1	B
 1359	Proc6	15	S
 1374	Proc1	15	S
 1389	Proc9	15	S
 1404	Proc10	15	S
 1419	Proc5	1	B
 1420	Proc6	10	B
 1430	Proc1	5	B
 1435	Proc9	7	B
 1442	Proc10	12	B
 1454	Proc5	1	B
 1455	Proc6	15	S
 1470	Proc1	15	S
 1485	Proc9	2	T
 1487	Proc10	15	S
 1502	Proc5	1	B
 1503	Proc6	15	S
 1518	Proc1	15	S
 1533	Proc10	12	B
 1545	Proc5	1	B
 1546	Proc6	15	S
 1561	Proc1	15	S
 1576	Proc10	15	S
 1591	Proc5	1	B
 1592	Proc6	15	S
 1607	Proc1	5	B
 1612	Proc10	12	B
 1624	Proc5	1	B
 1625	Proc6	10	B
 1635	Proc1	15	S
 1650	Proc10	15	S
 1665	Proc5	1	B
 1666	Proc6	15	S
 1681	Proc1	15	S
 1696	Proc10	12	B
 1708	Proc6	15	S
 1723	Proc5	1	B
 1724	Proc1	15	S
 1739	Proc6	15	S
 1754	Proc10	15	S
 1769	Proc5	1	B
 1770	Proc1	5	B
 1775	Proc6	15	S
 1790	Proc10	12	B
 1802	Proc5	1	B
 1803	Proc1	15	S
 1818	Proc6	10	B
 1828	Proc1	15	S
 1843	Proc10	3	T
 1846	Proc5	1	B
 1847	Proc1	15	S
 1862	Proc6	15	S
 1877	Proc5	1	B
 1878	Proc1	5	B
 1883	Proc6	15	S
 1898	Proc5	1	B
 1899	Proc6	15	S
 1914	Proc1	15	S
 1929	Proc5	1	B
 1930	Proc6	15	S
 1945	Proc1	15	S
 1960	Proc5	1	B
 1961	Proc6	10	B
 1971	Proc1	15	S
 1986	Proc5	1	B
 1987	Proc1	5	B
 1992	Proc6	15	S
 2007	Proc5	1	B
 2008	Proc6	15	S
 2023	Proc1	15	S
 2038	Proc5	1	B
 2039	Proc6	15	S
 2054	Proc1	15	S
 2069	Proc5	1	B
 2070	Proc6	15	S
 2085	Proc1	15	S
 2100	Proc5	1	B
 2101	Proc6	10	B
 2111	Proc1	5	T
 2116	<idle>	5	I
 2121	Proc5	1	B
 2122	<idle>	9	I
 2131	Proc6	15	S
 2146	Proc5	1	B
 2147	Proc6	15	S
 2162	Proc6	15	S
 2177	Proc5	1	B
 2178	Proc6	15	S
 2193	Proc6	10	B
 2203	Proc5	1	B
 2204	<idle>	19	I
 2223	Proc6	15	S
 2238	Proc5	1	B
 2239	Proc6	15	S
 2254	Proc6	15	S
 2269	Proc5	1	B
 2270	Proc6	15	S
 2285	Proc6	10	B
 2295	Proc5	1	B
 2296	<idle>	19	I
 2315	Proc6	15	S
 2330	Proc5	1	B
 2331	Proc6	15	S
 2346	Proc6	15	S
 2361	Proc5	1	T
 2362	Proc6	15	S
 2377	Proc6	10	B
 2387	<idle>	20	I
 2407	Proc6	15	S
 2422	Proc6	15	S
 2437	Proc6	15	S
 2452	Proc6	15	S
 2467	Proc6	10	B
 2477	<idle>	20	I
 2497	Proc6	15	S
 2512	Proc6	15	S
 2527	Proc6	15	S
 2542	Proc6	15	S
 2557	Proc6	10	B
 2567	<idle>	20	I
 2587	Proc6	15	S
 2602	Proc6	15	S
 2617	Proc6	15	S
 2632	Proc6	15	S
 2647	Proc6	10	B
 2657	<idle>	20	I
 2677	Proc6	15	S
 2692	Proc6	15	S
 2707	Proc6	15	S
 2722	Proc6	15	S
 2737	Proc6	10	B
 2747	<idle>	20	I
 2767	Proc6	15	S
 2782	Proc6	5	T
 2787	<done>	1416.9
SPN 20
 0	Proc1	50	B
 50	<idle>	5	I
 55	Proc2	5	B
 60	<idle>	10	I
 70	Proc3	10	B
 80	Proc5	1	B
 81	Proc2	5	B
 86	Proc4	15	B
 101	Proc5	1	B
 102	Proc7	2	B
 104	Proc3	10	B
 114	Proc2	5	B
 119	Proc8	35	B
 154	Proc5	1	B
 155	Proc7	2	B
 157	Proc2	5	B
 162	Proc3	10	B
 172	Proc4	15	B
 187	Proc5	1	B
 188	Proc7	2	B
 190	Proc2	5	B
 195	Proc3	10	B
 205	Proc8	35	B
 240	Proc5	1	B
 241	Proc7	2	B
 243	Proc2	5	B
 248	Proc3	10	B
 258	Proc4	15	B
 273	Proc5	1	B
 274	Proc7	2	B
 276	Proc2	5	B
 281	Proc3	10	B
 291	Proc8	35	B
 326	Proc5	1	B
 327	Proc7	2	B
 329	Proc2	5	B
 334	Proc3	10	B
 344	Proc4	15	B
 359	Proc5	1	B
 360	Proc7	2	B
 362	Proc2	5	B
 367	Proc3	10	B
 377	Proc9	22	B
 399	Proc5	1	B
 400	Proc7	2	B
 402	Proc2	5	B
 407	Proc3	10	B
 417	Proc4	15	B
 432	Proc5	1	B
 433	Proc7	2	B
 435	Proc2	5	B
 440	Proc3	10	T
 450	Proc9	22	B
 472	Proc5	1	B
 473	Proc7	2	T
 475	Proc2	5	B
 480	Proc4	15	B
 495	Proc5	1	B
 496	Proc9	22	B
 518	Proc5	1	B
 519	Proc2	5	B
 524	Proc4	15	B
 539	Proc5	1	B
 540	Proc9	22	B
 562	Proc5	1	B
 563	Proc2	5	B
 568	Proc4	15	B
 583	Proc5	1	B
 584	Proc9	22	B
 606	Proc5	1	B
 607	Proc2	5	B
 612	Proc4	15	B
 627	Proc5	1	B
 628	Proc9	22	B
 650	Proc5	1	B
 651	Proc2	5	B
 656	Proc4	15	B
 671	Proc5	1	B
 672	Proc9	22	B
 694	Proc5	1	B
 695	Proc2	5	B
 700	Proc4	15	B
 715	Proc5	1	B
 716	Proc9	22	B
 738	Proc5	1	B
 739	Proc2	5	B
 744	Proc4	15	B
 759	Proc5	1	B
 760	Proc9	22	B
 782	Proc5	1	B
 783	Proc2	5	B
 788	Proc4	15	B
 803	Proc5	1	B
 804	Proc9	2	T
 806	Proc10	27	B
 833	Proc5	1	B
 834	Proc2	5	T
 839	Proc4	5	T
 844	Proc8	35	B
 879	Proc5	1	B
 880	Proc10	27	B
 907	Proc5	1	B
 908	Proc8	10	T
 918	Proc1	50	B
 968	Proc5	1	B
 969	Proc10	27	B
 996	Proc5	1	B
 997	Proc1	50	B
 1047	Proc5	1	B
 1048	Proc10	27	B
 1075	Proc5	1	B
 1076	Proc1	50	B
 1126	Proc5	1	B
 1127	Proc10	27	B
 1154	Proc5	1	B
 1155	Proc1	50	B
 1205	Proc5	1	B
 1206	Proc10	27	B
 1233	Proc5	1	B
 1234	Proc1	50	B
 1284	Proc5	1	B
 1285	Proc10	27	B
 1312	Proc5	1	B
 1313	Proc1	50	B
 1363	Proc5	1	B
 1364	Proc10	27	B
 1391	Proc5	1	B
 1392	Proc1	50	B
 1442	Proc5	1	B
 1443	Proc10	27	B
 1470	Proc5	1	B
 1471	Proc1	50	B
 1521	Proc5	1	B
 1522	Proc10	27	B
 1549	Proc5	1	B
 1550	Proc1	50	T
 1600	Proc5	1	B
 1601	Proc10	27	B
 1628	Proc5	1	B
 1629	Proc6	70	B
 1699	Proc5	1	B
 1700	Proc10	3	T
 1703	<idle>	16	I
 1719	Proc6	70	B
 1789	Proc5	1	B
 1790	<idle>	19	I
 1809	Proc6	70	B
 1879	Proc5	1	T
 1880	<idle>	19	I
 1899	Proc6	70	B
 1969	<idle>	20	I
 1989	Proc6	70	B
 2059	<idle>	20	I
 2079	Proc6	70	B
 2149	<idle>	20	I
 2169	Proc6	70	B
 2239	<idle>	20	I
 2259	Proc6	70	B
 2329	<idle>	20	I
 2349	Proc6	70	B
 2419	<idle>	20	I
 2439	Proc6	70	B
 2509	<idle>	20	I
 2529	Proc6	70	B
 2599	<idle>	20	I
 2619	Proc6	70	B
 2689	<idle>	20	I
 2709	Proc6	70	B
 2779	<idle>	20	I
 2799	Proc6	70	B
 2869	<idle>	20	I
 2889	Proc6	20	T
 2909	<done>	1096.6
