RR 15 20
 0	Proc1	20	S
 20	Proc1	20	S
 40	Proc1	10	B
 50	<idle>	5	I
 55	Proc2	5	B
 60	<idle>	5	I
 65	Proc1	20	S
 85	Proc3	10	B
 95	Proc5	1	B
 96	Proc4	15	B
 111	Proc2	5	B
 116	Proc6	20	S
 136	Proc7	2	B
 138	Proc8	20	S
 158	Proc3	10	B
 168	Proc5	1	B
 169	Proc4	15	B
 184	Proc2	5	B
 189	Proc7	2	B
 191	Proc3	10	B
 201	Proc5	1	B
 202	Proc4	15	B
 217	Proc2	5	B
 222	Proc7	2	B
 224	Proc3	10	B
 234	Proc5	1	B
 235	Proc4	15	B
 250	Proc2	5	B
 255	Proc7	2	B
 257	Proc3	10	B
 267	Proc5	1	B
 268	Proc4	15	B
 283	Proc2	5	B
 288	Proc7	2	B
 290	Proc3	10	B
 300	Proc5	1	B
 301	Proc4	15	B
 316	Proc9	20	S
 336	Proc2	5	B
 341	Proc7	2	B
 343	Proc3	10	B
 353	Proc5	1	B
 354	Proc4	15	B
 369	Proc2	5	B
 374	Proc7	2	B
 376	Proc3	10	B
 386	Proc5	1	B
 387	Proc4	15	B
 402	Proc2	5	B
 407	Proc7	2	B
 409	Proc3	10	B
 419	Proc5	1	B
 420	Proc4	15	B
 435	Proc2	5	B
 440	Proc7	2	B
 442	Proc3	10	T
 452	Proc5	1	B
 453	Proc4	15	B
 468	Proc2	5	B
 473	Proc7	2	T
 475	Proc5	1	B
 476	Proc1	20	S
 496	Proc6	20	S
 516	Proc8	15	B
 531	Proc9	2	B
 533	Proc4	15	B
 548	Proc2	5	B
 553	Proc5	1	B
 554	Proc8	20	S
 574	Proc9	20	S
 594	Proc4	15	B
 609	Proc2	5	B
 614	Proc5	1	B
 615	Proc10	20	S
 635	Proc4	15	B
 650	Proc2	5	B
 655	Proc5	1	B
 656	Proc1	10	B
 666	Proc6	20	S
 686	Proc8	15	B
 701	Proc9	2	B
 703	Proc10	7	B
 710	Proc4	5	T
 715	Proc2	5	B
 720	Proc5	1	B
 721	Proc1	20	S
 741	Proc8	20	S
 761	Proc9	20	S
 781	Proc10	20	S
 801	Proc2	5	B
 806	Proc5	1	B
 807	Proc6	10	B
 817	Proc1	20	S
 837	Proc8	15	B
 852	Proc9	2	B
 854	Proc10	7	B
 861	Proc2	5	B
 866	Proc5	1	B
 867	Proc6	20	S
 887	Proc8	20	S
 907	Proc9	20	S
 927	Proc10	20	S
 947	Proc2	5	B
 952	Proc5	1	B
 953	Proc1	10	B
 963	Proc6	20	S
 983	Proc8	15	B
 998	Proc9	2	B
 1000	Proc10	7	B
 1007	Proc2	5	B
 1012	Proc5	1	B
 1013	Proc1	20	S
 1033	Proc8	10	T
 1043	Proc9	20	S
 1063	Proc10	20	S
 1083	Proc2	5	T
 1088	Proc5	1	B
 1089	Proc6	20	S
 1109	Proc1	20	S
 1129	Proc9	2	B
 1131	Proc10	7	B
 1138	Proc5	1	B
 1139	Proc6	10	B
 1149	Proc1	10	B
 1159	Proc9	20	S
 1179	Proc10	20	S
 1199	Proc5	1	B
 1200	Proc6	20	S
 1220	Proc1	20	S
 1240	Proc5	1	B
 1241	Proc9	2	B
 1243	Proc10	7	B
 1250	Proc6	20	S
 1270	Proc1	20	S
 1290	Proc5	1	B
 1291	Proc9	20	S
 1311	Proc10	20	S
 1331	Proc5	1	B
 1332	Proc6	20	S
 1352	Proc1	10	B
 1362	Proc9	2	B
 1364	Proc10	7	B
 1371	Proc5	1	B
 1372	Proc6	10	B
 1382	Proc1	20	S
 1402	Proc9	20	S
 1422	Proc10	20	S
 1442	Proc5	1	B
 1443	Proc6	20	S
 1463	Proc5	1	B
 1464	Proc1	20	S
 1484	Proc9	2	B
 1486	Proc10	7	B
 1493	Proc6	20	S
 1513	Proc5	1	B
 1514	Proc9	20	S
 1534	Proc10	20	S
 1554	Proc5	1	B
 1555	Proc1	10	B
 1565	Proc6	20	S
 1585	Proc9	2	B
 1587	Proc10	7	B
 1594	Proc5	1	B
 1595	Proc1	20	S
 1615	Proc9	2	T
 1617	Proc10	20	S
 1637	Proc5	1	B
 1638	Proc6	10	B
 1648	Proc1	20	S
 1668	Proc10	7	B
 1675	Proc5	1	B
 1676	Proc6	20	S
 1696	Proc10	20	S
 1716	Proc5	1	B
 1717	Proc1	10	B
 1727	Proc6	20	S
 1747	Proc10	7	B
 1754	Proc5	1	B
 1755	Proc1	20	S
 1775	Proc10	20	S
 1795	Proc5	1	B
 1796	Proc6	20	S
 1816	Proc1	20	S
 1836	Proc10	7	B
 1843	Proc5	1	B
 1844	Proc6	10	B
 1854	Proc1	10	B
 1864	Proc10	3	T
 1867	Proc5	1	B
 1868	<idle>	1	I
 1869	Proc6	20	S
 1889	Proc1	20	S
 1909	Proc5	1	B
 1910	Proc6	20	S
 1930	Proc1	20	S
 1950	Proc5	1	B
 1951	Proc6	20	S
 1971	Proc1	10	B
 1981	Proc5	1	B
 1982	Proc6	10	B
 1992	<idle>	4	I
 1996	Proc1	20	S
 2016	Proc5	1	B
 2017	Proc6	20	S
 2037	Proc5	1	B
 2038	Proc1	20	S
 2058	Proc6	20	S
 2078	Proc5	1	B
 2079	Proc1	10	T
 2089	Proc6	20	S
 2109	Proc5	1	B
 2110	Proc6	10	B
 2120	<idle>	5	I
 2125	Proc5	1	B
 2126	<idle>	9	I
 2135	Proc6	20	S
 2155	Proc5	1	B
 2156	Proc6	20	S
 2176	Proc5	1	B
 2177	Proc6	20	S
 2197	Proc5	1	B
 2198	Proc6	10	B
 2208	<idle>	5	I
 2213	Proc5	1	T
 2214	<idle>	9	I
 2223	Proc6	20	S
 2243	Proc6	20	S
 2263	Proc6	20	S
 2283	Proc6	10	B
 2293	<idle>	15	I
 2308	Proc6	20	S
 2328	Proc6	20	S
 2348	Proc6	20	S
 2368	Proc6	10	B
 2378	<idle>	15	I
 2393	Proc6	20	S
 2413	Proc6	20	S
 2433	Proc6	20	S
 2453	Proc6	10	B
 2463	<idle>	15	I
 2478	Proc6	20	S
 2498	Proc6	20	S
 2518	Proc6	20	S
 2538	Proc6	10	B
 2548	<idle>	15	I
 2563	Proc6	20	S
 2583	Proc6	20	S
 2603	Proc6	20	S
 2623	Proc6	10	B
 2633	<idle>	15	I
 2648	Proc6	20	S
 2668	Proc6	20	S
 2688	Proc6	20	S
 2708	Proc6	10	B
 2718	<idle>	15	I
 2733	Proc6	20	T
 2753	<done>	1285.5
SPN 15
 0	Proc1	50	B
 50	<idle>	5	I
 55	Proc2	5	B
 60	<idle>	5	I
 65	Proc1	50	B
 115	Proc5	1	B
 116	Proc7	2	B
 118	Proc2	5	B
 123	Proc3	10	B
 133	Proc5	1	B
 134	Proc7	2	B
 136	Proc4	15	B
 151	Proc5	1	B
 152	Proc7	2	B
 154	Proc2	5	B
 159	Proc3	10	B
 169	Proc5	1	B
 170	Proc7	2	B
 172	Proc4	15	B
 187	Proc5	1	B
 188	Proc7	2	B
 190	Proc2	5	B
 195	Proc3	10	B
 205	Proc5	1	B
 206	Proc7	2	B
 208	Proc4	15	B
 223	Proc5	1	B
 224	Proc7	2	B
 226	Proc2	5	B
 231	Proc3	10	B
 241	Proc5	1	B
 242	Proc7	2	B
 244	Proc4	15	B
 259	Proc5	1	B
 260	Proc7	2	B
 262	Proc2	5	B
 267	Proc3	10	B
 277	Proc5	1	B
 278	Proc7	2	T
 280	Proc4	15	B
 295	Proc5	1	B
 296	Proc2	5	B
 301	Proc3	10	B
 311	Proc5	1	B
 312	Proc4	15	B
 327	Proc5	1	B
 328	Proc2	5	B
 333	Proc3	10	B
 343	Proc5	1	B
 344	Proc4	15	B
 359	Proc5	1	B
 360	Proc2	5	B
 365	Proc3	10	B
 375	Proc5	1	B
 376	Proc4	15	B
 391	Proc5	1	B
 392	Proc2	5	B
 397	Proc3	10	B
 407	Proc5	1	B
 408	Proc4	15	B
 423	Proc5	1	B
 424	Proc2	5	B
 429	Proc3	10	T
 439	Proc5	1	B
 440	Proc4	15	B
 455	Proc5	1	B
 456	Proc2	5	B
 461	Proc9	22	B
 483	Proc5	1	B
 484	Proc2	5	B
 489	Proc4	15	B
 504	Proc5	1	B
 505	Proc2	5	B
 510	Proc9	22	B
 532	Proc5	1	B
 533	Proc2	5	B
 538	Proc4	15	B
 553	Proc5	1	B
 554	Proc2	5	B
 559	Proc9	22	B
 581	Proc5	1	B
 582	Proc2	5	B
 587	Proc4	15	B
 602	Proc5	1	B
 603	Proc2	5	B
 608	Proc9	22	B
 630	Proc5	1	B
 631	Proc2	5	B
 636	Proc4	5	T
 641	Proc10	27	B
 668	Proc5	1	B
 669	Proc2	5	T
 674	Proc9	22	B
 696	Proc5	1	B
 697	Proc10	27	B
 724	Proc5	1	B
 725	Proc9	22	B
 747	Proc5	1	B
 748	Proc10	27	B
 775	Proc5	1	B
 776	Proc9	22	B
 798	Proc5	1	B
 799	Proc10	27	B
 826	Proc5	1	B
 827	Proc9	22	B
 849	Proc5	1	B
 850	Proc10	27	B
 877	Proc5	1	B
 878	Proc9	22	B
 900	Proc5	1	B
 901	Proc10	27	B
 928	Proc5	1	B
 929	Proc9	2	T
 931	Proc8	35	B
 966	Proc5	1	B
 967	Proc10	27	B
 994	Proc5	1	B
 995	Proc8	35	B
 1030	Proc5	1	B
 1031	Proc10	27	B
 1058	Proc5	1	B
 1059	Proc8	35	B
 1094	Proc5	1	B
 1095	Proc10	27	B
 1122	Proc5	1	B
 1123	Proc8	35	B
 1158	Proc5	1	B
 1159	Proc10	27	B
 1186	Proc5	1	B
 1187	Proc8	10	T
 1197	Proc1	50	B
 1247	Proc5	1	B
 1248	Proc10	27	B
 1275	Proc5	1	B
 1276	Proc1	50	B
 1326	Proc5	1	T
 1327	Proc10	3	T
 1330	Proc6	70	B
 1400	Proc1	50	B
 1450	Proc6	70	B
 1520	Proc1	50	B
 1570	Proc6	70	B
 1640	Proc1	50	B
 1690	Proc6	70	B
 1760	Proc1	50	B
 1810	Proc6	70	B
 1880	Proc1	50	B
 1930	Proc6	70	B
 2000	Proc1	50	T
 2050	Proc6	70	B
 2120	<idle>	15	I
 2135	Proc6	70	B
 2205	<idle>	15	I
 2220	Proc6	70	B
 2290	<idle>	15	I
 2305	Proc6	70	B
 2375	<idle>	15	I
 2390	Proc6	70	B
 2460	<idle>	15	I
 2475	Proc6	70	B
 2545	<idle>	15	I
 2560	Proc6	70	B
 2630	<idle>	15	I
 2645	Proc6	70	B
 2715	<idle>	15	I
 2730	Proc6	20	T
 2750	<done>	1016.1
