RR 15 10
 0	Proc1	10	S
 10	Proc1	10	S
 20	Proc1	10	S
 30	Proc1	10	S
 40	Proc1	10	B
 50	<idle>	5	I
 55	Proc2	5	B
 60	<idle>	5	I
 65	Proc1	10	S
 75	Proc3	10	B
 85	Proc5	1	B
 86	Proc4	10	S
 96	Proc2	5	B
 101	Proc6	10	S
 111	Proc7	2	B
 113	Proc8	10	S
 123	Proc3	10	B
 133	Proc5	1	B
 134	Proc2	5	B
 139	Proc7	2	B
 141	Proc1	10	S
 151	Proc4	5	B
 156	Proc6	10	S
 166	Proc8	10	S
 176	Proc3	10	B
 186	Proc5	1	B
 187	Proc2	5	B
 192	Proc7	2	B
 194	Proc4	10	S
 204	Proc3	10	B
 214	Proc5	1	B
 215	Proc2	5	B
 220	Proc7	2	B
 222	Proc1	10	S
 232	Proc6	10	S
 242	Proc8	10	S
 252	Proc4	5	B
 257	Proc3	10	B
 267	Proc5	1	B
 268	Proc2	5	B
 273	Proc7	2	B
 275	Proc4	10	S
 285	Proc3	10	B
 295	Proc5	1	B
 296	Proc2	5	B
 301	Proc7	2	B
 303	Proc9	10	S
 313	Proc3	10	B
 323	Proc5	1	B
 324	Proc2	5	B
 329	Proc7	2	B
 331	Proc1	10	S
 341	Proc6	10	S
 351	Proc8	5	B
 356	Proc4	5	B
 361	Proc9	10	S
 371	Proc3	10	B
 381	Proc5	1	B
 382	Proc2	5	B
 387	Proc7	2	B
 389	Proc8	10	S
 399	Proc4	10	S
 409	Proc3	10	B
 419	Proc5	1	B
 420	Proc2	5	B
 425	Proc7	2	B
 427	Proc1	10	B
 437	Proc6	10	S
 447	Proc9	2	B
 449	Proc8	10	S
 459	Proc4	5	B
 464	Proc3	10	T
 474	Proc5	1	B
 475	Proc2	5	B
 480	Proc7	2	T
 482	Proc1	10	S
 492	Proc9	10	S
 502	Proc4	10	S
 512	Proc5	1	B
 513	Proc2	5	B
 518	Proc6	10	S
 528	Proc8	10	S
 538	Proc1	10	S
 548	Proc9	10	S
 558	Proc4	5	B
 563	Proc5	1	B
 564	Proc2	5	B
 569	Proc6	10	B
 579	Proc8	5	B
 584	Proc1	10	S
 594	Proc9	2	B
 596	Proc4	10	S
 606	Proc5	1	B
 607	Proc2	5	B
 612	Proc6	10	S
 622	Proc8	10	S
 632	Proc10	10	S
 642	Proc9	10	S
 652	Proc5	1	B
 653	Proc2	5	B
 658	Proc1	10	S
 668	Proc4	5	B
 673	Proc6	10	S
 683	Proc8	10	S
 693	Proc10	10	S
 703	Proc9	10	S
 713	Proc5	1	B
 714	Proc2	5	B
 719	Proc4	10	S
 729	Proc5	1	B
 730	Proc1	10	B
 740	Proc6	10	S
 750	Proc8	10	S
 760	Proc10	7	B
 767	Proc9	2	B
 769	Proc4	5	B
 774	Proc2	5	B
 779	Proc5	1	B
 780	Proc1	10	S
 790	Proc10	10	S
 800	Proc9	10	S
 810	Proc4	10	S
 820	Proc2	5	B
 825	Proc5	1	B
 826	Proc6	10	S
 836	Proc8	5	B
 841	Proc1	10	S
 851	Proc10	10	S
 861	Proc9	10	S
 871	Proc4	5	B
 876	Proc2	5	B
 881	Proc5	1	B
 882	Proc8	10	S
 892	Proc4	10	S
 902	Proc2	5	T
 907	Proc5	1	B
 908	Proc6	10	S
 918	Proc1	10	S
 928	Proc10	7	B
 935	Proc9	2	B
 937	Proc8	10	S
 947	Proc4	5	B
 952	Proc5	1	B
 953	Proc10	10	S
 963	Proc9	10	S
 973	Proc4	10	S
 983	Proc5	1	B
 984	Proc6	10	S
 994	Proc1	10	S
 1004	Proc8	10	S
 1014	Proc10	10	S
 1024	Proc9	10	S
 1034	Proc4	5	B
 1039	Proc5	1	B
 1040	Proc6	10	B
 1050	Proc1	10	B
 1060	Proc8	5	B
 1065	Proc10	7	B
 1072	Proc9	2	B
 1074	Proc4	10	S
 1084	Proc5	1	B
 1085	Proc6	10	S
 1095	Proc1	10	S
 1105	Proc8	10	T
 1115	Proc10	10	S
 1125	Proc9	10	S
 1135	Proc5	1	B
 1136	Proc4	5	B
 1141	Proc6	10	S
 1151	Proc1	10	S
 1161	Proc10	10	S
 1171	Proc9	10	S
 1181	Proc5	1	B
 1182	Proc4	10	S
 1192	Proc6	10	S
 1202	Proc1	10	S
 1212	Proc10	7	B
 1219	Proc9	2	B
 1221	Proc4	5	B
 1226	Proc5	1	B
 1227	Proc6	10	S
 1237	Proc1	10	S
 1247	Proc10	10	S
 1257	Proc9	10	S
 1267	Proc4	10	S
 1277	Proc5	1	B
 1278	Proc6	10	S
 1288	Proc1	10	B
 1298	Proc10	10	S
 1308	Proc9	10	S
 1318	Proc4	5	B
 1323	Proc5	1	B
 1324	Proc1	10	S
 1334	Proc6	10	S
 1344	Proc10	7	B
 1351	Proc9	2	B
 1353	Proc1	10	S
 1363	Proc4	5	T
 1368	Proc5	1	B
 1369	Proc10	10	S
 1379	Proc9	10	S
 1389	Proc5	1	B
 1390	Proc6	10	B
 1400	Proc1	10	S
 1410	Proc10	10	S
 1420	Proc9	10	S
 1430	Proc5	1	B
 1431	Proc6	10	S
 1441	Proc1	10	S
 1451	Proc10	7	B
 1458	Proc9	2	B
 1460	Proc6	10	S
 1470	Proc5	1	B
 1471	Proc1	10	B
 1481	Proc6	10	S
 1491	Proc10	10	S
 1501	Proc9	10	S
 1511	Proc5	1	B
 1512	Proc1	10	S
 1522	Proc6	10	S
 1532	Proc10	10	S
 1542	Proc9	10	S
 1552	Proc1	10	S
 1562	Proc5	1	B
 1563	Proc6	10	S
 1573	Proc10	7	B
 1580	Proc9	2	B
 1582	Proc1	10	S
 1592	Proc5	1	B
 1593	Proc6	10	S
 1603	Proc1	10	S
 1613	Proc10	10	S
 1623	Proc9	2	T
 1625	Proc5	1	B
 1626	Proc6	10	B
 1636	Proc1	10	B
 1646	Proc10	10	S
 1656	Proc5	1	B
 1657	Proc6	10	S
 1667	Proc1	10	S
 1677	Proc5	1	B
 1678	Proc10	7	B
 1685	Proc6	10	S
 1695	Proc1	10	S
 1705	Proc5	1	B
 1706	Proc10	10	S
 1716	Proc6	10	S
 1726	Proc1	10	S
 1736	Proc10	10	S
 1746	Proc5	1	B
 1747	Proc6	10	S
 1757	Proc1	10	S
 1767	Proc10	7	B
 1774	Proc5	1	B
 1775	Proc6	10	S
 1785	Proc1	10	B
 1795	Proc10	10	S
 1805	Proc5	1	B
 1806	Proc6	10	S
 1816	Proc10	10	S
 1826	Proc1	10	S
 1836	Proc5	1	B
 1837	Proc6	10	B
 1847	Proc10	7	B
 1854	Proc1	10	S
 1864	Proc5	1	B
 1865	Proc6	10	S
 1875	Proc10	10	S
 1885	Proc5	1	B
 1886	Proc1	10	S
 1896	Proc6	10	S
 1906	Proc10	10	S
 1916	Proc5	1	B
 1917	Proc1	10	S
 1927	Proc6	10	S
 1937	Proc10	7	B
 1944	Proc5	1	B
 1945	Proc1	10	B
 1955	Proc6	10	S
 1965	Proc10	3	T
 1968	Proc5	1	B
 1969	Proc6	10	S
 1979	Proc1	10	S
 1989	Proc5	1	T
 1990	Proc6	10	S
 2000	Proc1	10	S
 2010	Proc6	10	B
 2020	Proc1	10	S
 2030	Proc1	10	S
 2040	Proc6	10	S
 2050	Proc1	10	T
 2060	Proc6	10	S
 2070	Proc6	10	S
 2080	Proc6	10	S
 2090	Proc6	10	S
 2100	Proc6	10	S
 2110	Proc6	10	B
 2120	<idle>	15	I
 2135	Proc6	10	S
 2145	Proc6	10	S
 2155	Proc6	10	S
 2165	Proc6	10	S
 2175	Proc6	10	S
 2185	Proc6	10	S
 2195	Proc6	10	B
 2205	<idle>	15	I
 2220	Proc6	10	S
 2230	Proc6	10	S
 2240	Proc6	10	S
 2250	Proc6	10	S
 2260	Proc6	10	S
 2270	Proc6	10	S
 2280	Proc6	10	B
 2290	<idle>	15	I
 2305	Proc6	10	S
 2315	Proc6	10	S
 2325	Proc6	10	S
 2335	Proc6	10	S
 2345	Proc6	10	S
 2355	Proc6	10	S
 2365	Proc6	10	B
 2375	<idle>	15	I
 2390	Proc6	10	S
 2400	Proc6	10	S
 2410	Proc6	10	S
 2420	Proc6	10	S
 2430	Proc6	10	S
 2440	Proc6	10	S
 2450	Proc6	10	B
 2460	<idle>	15	I
 2475	Proc6	10	S
 2485	Proc6	10	S
 2495	Proc6	10	S
 2505	Proc6	10	S
 2515	Proc6	10	S
 2525	Proc6	10	S
 2535	Proc6	10	B
 2545	<idle>	15	I
 2560	Proc6	10	S
 2570	Proc6	10	S
 2580	Proc6	10	S
 2590	Proc6	10	S
 2600	Proc6	10	S
 2610	Proc6	10	S
 2620	Proc6	10	B
 2630	<idle>	15	I
 2645	Proc6	10	S
 2655	Proc6	10	S
 2665	Proc6	10	S
 2675	Proc6	10	S
 2685	Proc6	10	S
 2695	Proc6	10	S
 2705	Proc6	10	B
 2715	<idle>	15	I
 2730	Proc6	10	S
 2740	Proc6	10	T
 2750	<done>	1328.1
SPN 15
 0	Proc1	50	B
 50	<idle>	5	I
 55	Proc2	5	B
 60	<idle>	5	I
 65	Proc1	50	B
 115	Proc5	1	B
 116	Proc7	2	B
 118	Proc2	5	B
 123	Proc3	10	B
 133	Proc5	1	B
 134	Proc7	2	B
 136	Proc4	15	B
 151	Proc5	1	B
 152	Proc7	2	B
 154	Proc2	5	B
 159	Proc3	10	B
 169	Proc5	1	B
 170	Proc7	2	B
 172	Proc4	15	B
 187	Proc5	1	B
 188	Proc7	2	B
 190	Proc2	5	B
 195	Proc3	10	B
 205	Proc5	1	B
 206	Proc7	2	B
 208	Proc4	15	B
 223	Proc5	1	B
 224	Proc7	2	B
 226	Proc2	5	B
 231	Proc3	10	B
 241	Proc5	1	B
 242	Proc7	2	B
 244	Proc4	15	B
 259	Proc5	1	B
 260	Proc7	2	B
 262	Proc2	5	B
 267	Proc3	10	B
 277	Proc5	1	B
 278	Proc7	2	T
 280	Proc4	15	B
 295	Proc5	1	B
 296	Proc2	5	B
 301	Proc3	10	B
 311	Proc5	1	B
 312	Proc4	15	B
 327	Proc5	1	B
 328	Proc2	5	B
 333	Proc3	10	B
 343	Proc5	1	B
 344	Proc4	15	B
 359	Proc5	1	B
 360	Proc2	5	B
 365	Proc3	10	B
 375	Proc5	1	B
 376	Proc4	15	B
 391	Proc5	1	B
 392	Proc2	5	B
 397	Proc3	10	B
 407	Proc5	1	B
 408	Proc4	15	B
 423	Proc5	1	B
 424	Proc2	5	B
 429	Proc3	10	T
 439	Proc5	1	B
 440	Proc4	15	B
 455	Proc5	1	B
 456	Proc2	5	B
 461	Proc9	22	B
 483	Proc5	1	B
 484	Proc2	5	B
 489	Proc4	15	B
 504	Proc5	1	B
 505	Proc2	5	B
 510	Proc9	22	B
 532	Proc5	1	B
 533	Proc2	5	B
 538	Proc4	15	B
 553	Proc5	1	B
 554	Proc2	5	B
 559	Proc9	22	B
 581	Proc5	1	B
 582	Proc2	5	B
 587	Proc4	15	B
 602	Proc5	1	B
 603	Proc2	5	B
 608	Proc9	22	B
 630	Proc5	1	B
 631	Proc2	5	B
 636	Proc4	5	T
 641	Proc10	27	B
 668	Proc5	1	B
 669	Proc2	5	T
 674	Proc9	22	B
 696	Proc5	1	B
 697	Proc10	27	B
 724	Proc5	1	B
 725	Proc9	22	B
 747	Proc5	1	B
 748	Proc10	27	B
 775	Proc5	1	B
 776	Proc9	22	B
 798	Proc5	1	B
 799	Proc10	27	B
 826	Proc5	1	B
 827	Proc9	22	B
 849	Proc5	1	B
 850	Proc10	27	B
 877	Proc5	1	B
 878	Proc9	22	B
 900	Proc5	1	B
 901	Proc10	27	B
 928	Proc5	1	B
 929	Proc9	2	T
 931	Proc8	35	B
 966	Proc5	1	B
 967	Proc10	27	B
 994	Proc5	1	B
 995	Proc8	35	B
 1030	Proc5	1	B
 1031	Proc10	27	B
 1058	Proc5	1	B
 1059	Proc8	35	B
 1094	Proc5	1	B
 1095	Proc10	27	B
 1122	Proc5	1	B
 1123	Proc8	35	B
 1158	Proc5	1	B
 1159	Proc10	27	B
 1186	Proc5	1	B
 1187	Proc8	10	T
 1197	Proc1	50	B
 1247	Proc5	1	B
 1248	Proc10	27	B
 1275	Proc5	1	B
 1276	Proc1	50	B
 1326	Proc5	1	T
 1327	Proc10	3	T
 1330	Proc6	70	B
 1400	Proc1	50	B
 1450	Proc6	70	B
 1520	Proc1	50	B
 1570	Proc6	70	B
 1640	Proc1	50	B
 1690	Proc6	70	B
 1760	Proc1	50	B
 1810	Proc6	70	B
 1880	Proc1	50	B
 1930	Proc6	70	B
 2000	Proc1	50	T
 2050	Proc6	70	B
 2120	<idle>	15	I
 2135	Proc6	70	B
 2205	<idle>	15	I
 2220	Proc6	70	B
 2290	<idle>	15	I
 2305	Proc6	70	B
 2375	<idle>	15	I
 2390	Proc6	70	B
 2460	<idle>	15	I
 2475	Proc6	70	B
 2545	<idle>	15	I
 2560	Proc6	70	B
 2630	<idle>	15	I
 2645	Proc6	70	B
 2715	<idle>	15	I
 2730	Proc6	20	T
 2750	<done>	1016.1
