RR 50 20
 0	Proc1	20	S
 20	Proc1	20	S
 40	Proc1	10	B
 50	<idle>	5	I
 55	Proc2	5	B
 60	<idle>	10	I
 70	Proc3	10	B
 80	Proc5	1	B
 81	Proc4	15	B
 96	Proc6	20	S
 116	Proc7	2	B
 118	Proc8	20	S
 138	Proc1	20	S
 158	Proc2	5	B
 163	Proc3	10	B
 173	Proc5	1	B
 174	Proc4	15	B
 189	Proc7	2	B
 191	Proc6	20	S
 211	Proc8	15	B
 226	Proc1	20	S
 246	Proc2	5	B
 251	Proc3	10	B
 261	Proc5	1	B
 262	Proc4	15	B
 277	Proc7	2	B
 279	Proc8	20	S
 299	Proc6	20	S
 319	Proc1	10	B
 329	Proc8	15	B
 344	Proc9	20	S
 364	Proc2	5	B
 369	Proc3	10	B
 379	Proc5	1	B
 380	Proc4	15	B
 395	Proc7	2	B
 397	Proc1	20	S
 417	Proc8	20	S
 437	Proc2	5	B
 442	Proc3	10	B
 452	Proc5	1	B
 453	Proc4	15	B
 468	Proc7	2	B
 470	Proc6	10	B
 480	Proc9	2	B
 482	Proc1	20	S
 502	Proc8	15	B
 517	Proc2	5	B
 522	Proc3	10	B
 532	Proc5	1	B
 533	Proc4	15	B
 548	Proc7	2	B
 550	Proc6	20	S
 570	Proc9	20	S
 590	Proc8	20	S
 610	Proc2	5	B
 615	Proc3	10	B
 625	Proc5	1	B
 626	Proc4	15	B
 641	Proc10	20	S
 661	Proc7	2	B
 663	Proc1	10	B
 673	Proc6	20	S
 693	Proc9	2	B
 695	Proc8	15	B
 710	Proc10	7	B
 717	Proc2	5	B
 722	Proc3	10	B
 732	Proc5	1	B
 733	Proc4	15	B
 748	Proc7	2	B
 750	Proc1	20	S
 770	Proc9	20	S
 790	Proc8	10	T
 800	Proc10	20	S
 820	Proc2	5	B
 825	Proc3	10	B
 835	Proc5	1	B
 836	Proc4	15	B
 851	Proc7	2	B
 853	Proc6	20	S
 873	Proc1	20	S
 893	Proc9	2	B
 895	Proc10	7	B
 902	Proc2	5	B
 907	Proc3	10	T
 917	Proc5	1	B
 918	Proc4	15	B
 933	Proc7	2	T
 935	Proc6	10	B
 945	Proc1	10	B
 955	Proc9	20	S
 975	Proc10	20	S
 995	Proc2	5	B
 1000	Proc5	1	B
 1001	Proc4	15	B
 1016	Proc6	20	S
 1036	Proc1	20	S
 1056	Proc2	5	B
 1061	Proc5	1	B
 1062	Proc9	2	B
 1064	Proc10	7	B
 1071	Proc6	20	S
 1091	Proc1	20	S
 1111	Proc4	15	B
 1126	Proc2	5	B
 1131	Proc5	1	B
 1132	Proc9	20	S
 1152	Proc10	20	S
 1172	Proc6	20	S
 1192	Proc1	10	B
 1202	Proc9	2	B
 1204	Proc10	7	B
 1211	Proc4	15	B
 1226	Proc2	5	B
 1231	Proc5	1	B
 1232	Proc6	10	B
 1242	<idle>	10	I
 1252	Proc1	20	S
 1272	Proc9	20	S
 1292	Proc10	20	S
 1312	Proc4	5	T
 1317	Proc2	5	B
 1322	Proc5	1	B
 1323	Proc6	20	S
 1343	Proc1	20	S
 1363	Proc9	2	B
 1365	Proc10	7	B
 1372	Proc6	20	S
 1392	Proc2	5	B
 1397	Proc5	1	B
 1398	Proc1	10	B
 1408	Proc6	20	S
 1428	Proc9	20	S
 1448	Proc10	20	S
 1468	Proc2	5	B
 1473	Proc5	1	B
 1474	Proc1	20	S
 1494	Proc6	10	B
 1504	Proc9	2	B
 1506	Proc10	7	B
 1513	Proc1	20	S
 1533	Proc2	5	B
 1538	Proc5	1	B
 1539	Proc1	10	B
 1549	<idle>	5	I
 1554	Proc6	20	S
 1574	Proc9	20	S
 1594	Proc10	20	S
 1614	Proc2	5	B
 1619	Proc5	1	B
 1620	Proc1	20	S
 1640	Proc6	20	S
 1660	Proc9	2	B
 1662	Proc10	7	B
 1669	Proc1	20	S
 1689	Proc2	5	T
 1694	Proc5	1	B
 1695	Proc6	20	S
 1715	Proc1	10	B
 1725	Proc9	20	S
 1745	Proc10	20	S
 1765	Proc5	1	B
 1766	Proc6	10	B
 1776	Proc9	2	B
 1778	Proc10	7	B
 1785	Proc1	20	S
 1805	Proc1	20	S
 1825	Proc5	1	B
 1826	Proc6	20	S
 1846	Proc9	2	T
 1848	Proc10	20	S
 1868	Proc1	10	B
 1878	Proc6	20	S
 1898	Proc10	7	B
 1905	Proc5	1	B
 1906	Proc6	20	S
 1926	Proc6	10	B
 1936	Proc1	20	S
 1956	Proc10	20	S
 1976	Proc5	1	B
 1977	Proc1	20	S
 1997	Proc10	7	B
 2004	Proc6	20	S
 2024	Proc1	10	T
 2034	Proc6	20	S
 2054	Proc5	1	B
 2055	Proc10	20	S
 2075	Proc6	20	S
 2095	Proc10	7	B
 2102	Proc6	10	B
 2112	Proc5	1	B
 2113	<idle>	39	I
 2152	Proc10	3	T
 2155	<idle>	7	I
 2162	Proc6	20	S
 2182	Proc5	1	B
 2183	Proc6	20	S
 2203	Proc6	20	S
 2223	Proc6	10	B
 2233	Proc5	1	B
 2234	<idle>	49	I
 2283	Proc6	20	S
 2303	Proc5	1	B
 2304	Proc6	20	S
 2324	Proc6	20	S
 2344	Proc6	10	B
 2354	Proc5	1	B
 2355	<idle>	49	I
 2404	Proc6	20	S
 2424	Proc5	1	B
 2425	Proc6	20	S
 2445	Proc6	20	S
 2465	Proc6	10	B
 2475	Proc5	1	B
 2476	<idle>	49	I
 2525	Proc6	20	S
 2545	Proc5	1	B
 2546	Proc6	20	S
 2566	Proc6	20	S
 2586	Proc6	10	B
 2596	Proc5	1	B
 2597	<idle>	49	I
 2646	Proc6	20	S
 2666	Proc5	1	B
 2667	Proc6	20	S
 2687	Proc6	20	S
 2707	Proc6	10	B
 2717	Proc5	1	B
 2718	<idle>	49	I
 2767	Proc6	20	S
 2787	Proc5	1	B
 2788	Proc6	20	S
 2808	Proc6	20	S
 2828	Proc6	10	B
 2838	Proc5	1	B
 2839	<idle>	49	I
 2888	Proc6	20	S
 2908	Proc5	1	B
 2909	Proc6	20	S
 2929	Proc6	20	S
 2949	Proc6	10	B
 2959	Proc5	1	B
 2960	<idle>	49	I
 3009	Proc6	20	T
 3029	Proc5	1	B
 3030	<idle>	50	I
 3080	Proc5	1	B
 3081	<idle>	50	I
 3131	Proc5	1	B
 3132	<idle>	50	I
 3182	Proc5	1	B
 3183	<idle>	50	I
 3233	Proc5	1	B
 3234	<idle>	50	I
 3284	Proc5	1	B
 3285	<idle>	50	I
 3335	Proc5	1	B
 3336	<idle>	50	I
 3386	Proc5	1	B
 3387	<idle>	50	I
 3437	Proc5	1	B
 3438	<idle>	50	I
 3488	Proc5	1	T
 3489	<done>	1676
SPN 50
 0	Proc1	50	B
 50	<idle>	5	I
 55	Proc2	5	B
 60	<idle>	10	I
 70	Proc3	10	B
 80	Proc5	1	B
 81	Proc4	15	B
 96	Proc7	2	B
 98	Proc6	70	B
 168	Proc5	1	B
 169	Proc7	2	B
 171	Proc2	5	B
 176	Proc3	10	B
 186	Proc4	15	B
 201	Proc8	35	B
 236	Proc5	1	B
 237	Proc7	2	B
 239	Proc2	5	B
 244	Proc3	10	B
 254	Proc4	15	B
 269	Proc1	50	B
 319	Proc5	1	B
 320	Proc7	2	B
 322	Proc2	5	B
 327	Proc3	10	B
 337	Proc4	15	B
 352	Proc9	22	B
 374	Proc5	1	B
 375	Proc7	2	B
 377	Proc2	5	B
 382	Proc8	35	B
 417	Proc3	10	B
 427	Proc5	1	B
 428	Proc7	2	B
 430	Proc4	15	B
 445	Proc2	5	B
 450	Proc9	22	B
 472	Proc8	35	B
 507	Proc5	1	B
 508	Proc7	2	B
 510	Proc2	5	B
 515	Proc3	10	B
 525	Proc4	15	B
 540	Proc9	22	B
 562	Proc5	1	B
 563	Proc7	2	B
 565	Proc2	5	B
 570	Proc8	35	B
 605	Proc3	10	B
 615	Proc5	1	B
 616	Proc7	2	B
 618	Proc4	15	B
 633	Proc2	5	B
 638	Proc9	22	B
 660	Proc10	27	B
 687	Proc5	1	B
 688	Proc7	2	T
 690	Proc2	5	B
 695	Proc3	10	B
 705	Proc4	15	B
 720	Proc9	22	B
 742	Proc5	1	B
 743	Proc10	27	B
 770	Proc2	5	B
 775	Proc3	10	B
 785	Proc4	15	B
 800	Proc5	1	B
 801	Proc9	22	B
 823	Proc10	27	B
 850	Proc2	5	B
 855	Proc5	1	B
 856	Proc3	10	T
 866	Proc4	15	B
 881	Proc9	22	B
 903	Proc10	27	B
 930	Proc5	1	B
 931	Proc2	5	B
 936	Proc4	15	B
 951	Proc8	10	T
 961	Proc9	22	B
 983	Proc5	1	B
 984	Proc10	27	B
 1011	Proc2	5	B
 1016	Proc4	15	B
 1031	Proc1	50	B
 1081	Proc5	1	B
 1082	Proc2	5	B
 1087	Proc4	15	B
 1102	Proc9	22	B
 1124	Proc10	27	B
 1151	Proc5	1	B
 1152	Proc2	5	B
 1157	Proc4	5	T
 1162	Proc1	50	B
 1212	Proc5	1	B
 1213	Proc2	5	B
 1218	Proc9	2	T
 1220	Proc10	27	B
 1247	Proc6	70	B
 1317	Proc5	1	B
 1318	Proc2	5	B
 1323	Proc10	27	B
 1350	Proc1	50	B
 1400	Proc5	1	B
 1401	Proc2	5	B
 1406	Proc10	27	B
 1433	Proc6	70	B
 1503	Proc5	1	B
 1504	Proc2	5	T
 1509	Proc10	27	B
 1536	Proc1	50	B
 1586	Proc5	1	B
 1587	Proc10	27	B
 1614	Proc6	70	B
 1684	Proc5	1	B
 1685	Proc10	3	T
 1688	Proc1	50	B
 1738	Proc5	1	B
 1739	Proc6	70	B
 1809	Proc5	1	B
 1810	Proc1	50	B
 1860	Proc5	1	B
 1861	Proc6	70	B
 1931	Proc5	1	B
 1932	Proc1	50	B
 1982	Proc5	1	B
 1983	Proc6	70	B
 2053	Proc5	1	B
 2054	Proc1	50	T
 2104	Proc5	1	B
 2105	Proc6	70	B
 2175	Proc5	1	B
 2176	<idle>	49	I
 2225	Proc6	70	B
 2295	Proc5	1	B
 2296	<idle>	49	I
 2345	Proc6	70	B
 2415	Proc5	1	B
 2416	<idle>	49	I
 2465	Proc6	70	B
 2535	Proc5	1	B
 2536	<idle>	49	I
 2585	Proc6	70	B
 2655	Proc5	1	B
 2656	<idle>	49	I
 2705	Proc6	70	B
 2775	Proc5	1	B
 2776	<idle>	49	I
 2825	Proc6	70	B
 2895	Proc5	1	B
 2896	<idle>	49	I
 2945	Proc6	20	T
 2965	Proc5	1	B
 2966	<idle>	50	I
 3016	Proc5	1	B
 3017	<idle>	50	I
 3067	Proc5	1	B
 3068	<idle>	50	I
 3118	Proc5	1	B
 3119	<idle>	50	I
 3169	Proc5	1	B
 3170	<idle>	50	I
 3220	Proc5	1	B
 3221	<idle>	50	I
 3271	Proc5	1	B
 3272	<idle>	50	I
 3322	Proc5	1	B
 3323	<idle>	50	I
 3373	Proc5	1	B
 3374	<idle>	50	I
 3424	Proc5	1	B
 3425	<idle>	50	I
 3475	Proc5	1	B
 3476	<idle>	50	I
 3526	Proc5	1	B
 3527	<idle>	50	I
 3577	Proc5	1	T
 3578	<done>	1528.5
